# JRE version: Java(TM) SE Runtime Environment (8.0_40-b25) (build 1.8.0_40-b25)
# Java VM: Java HotSpot(TM) 64-Bit Server VM (25.40-b25 mixed mode windows-amd64 compressed oops)
Heap:
 PSYoungGen      total 123392K, used 95934K [0x00000000ebb80000, 0x00000000f6e80000, 0x0000000100000000)
  eden space 110592K, 86% used [0x00000000ebb80000,0x00000000f192f948,0x00000000f2780000)
  from space 12800K, 0% used [0x00000000f2780000,0x00000000f2780000,0x00000000f3400000)
  to   space 13312K, 0% used [0x00000000f6180000,0x00000000f6180000,0x00000000f6e80000)
 ParOldGen       total 49664K, used 18534K [0x00000000c3200000, 0x00000000c6280000, 0x00000000ebb80000)
  object space 49664K, 37% used [0x00000000c3200000,0x00000000c4419a38,0x00000000c6280000)
 Metaspace       used 28563K, capacity 30084K, committed 30336K, reserved 1075200K
  class space    used 3780K, capacity 4083K, committed 4224K, reserved 1048576K
GC Heap History (10 events):
Event: 304.796 GC heap before
{Heap before GC invocations=9 (full 1):
 PSYoungGen      total 68608K, used 68577K [0x00000000ebb80000, 0x00000000f2100000, 0x0000000100000000)
  eden space 61952K, 100% used [0x00000000ebb80000,0x00000000ef800000,0x00000000ef800000)
  from space 6656K, 99% used [0x00000000ef800000,0x00000000efe787b0,0x00000000efe80000)
  to   space 8192K, 0% used [0x00000000f1900000,0x00000000f1900000,0x00000000f2100000)
 ParOldGen       total 33280K, used 13245K [0x00000000c3200000, 0x00000000c5280000, 0x00000000ebb80000)
  object space 33280K, 39% used [0x00000000c3200000,0x00000000c3eef6f8,0x00000000c5280000)
 Metaspace       used 28024K, capacity 29606K, committed 29696K, reserved 1075200K
  class space    used 3763K, capacity 4066K, committed 4096K, reserved 1048576K
Event: 305.099 GC heap after
Heap after GC invocations=9 (full 1):
 PSYoungGen      total 93184K, used 8164K [0x00000000ebb80000, 0x00000000f2f00000, 0x0000000100000000)
  eden space 84992K, 0% used [0x00000000ebb80000,0x00000000ebb80000,0x00000000f0e80000)
  from space 8192K, 99% used [0x00000000f1900000,0x00000000f20f9030,0x00000000f2100000)
  to   space 10752K, 0% used [0x00000000f0e80000,0x00000000f0e80000,0x00000000f1900000)
 ParOldGen       total 33280K, used 16110K [0x00000000c3200000, 0x00000000c5280000, 0x00000000ebb80000)
  object space 33280K, 48% used [0x00000000c3200000,0x00000000c41bb898,0x00000000c5280000)
 Metaspace       used 28024K, capacity 29606K, committed 29696K, reserved 1075200K
  class space    used 3763K, capacity 4066K, committed 4096K, reserved 1048576K
}
Event: 524.853 GC heap before
{Heap before GC invocations=10 (full 1):
 PSYoungGen      total 93184K, used 93134K [0x00000000ebb80000, 0x00000000f2f00000, 0x0000000100000000)
  eden space 84992K, 99% used [0x00000000ebb80000,0x00000000f0e7a948,0x00000000f0e80000)
  from space 8192K, 99% used [0x00000000f1900000,0x00000000f20f9030,0x00000000f2100000)
  to   space 10752K, 0% used [0x00000000f0e80000,0x00000000f0e80000,0x00000000f1900000)
 ParOldGen       total 33280K, used 16110K [0x00000000c3200000, 0x00000000c5280000, 0x00000000ebb80000)
  object space 33280K, 48% used [0x00000000c3200000,0x00000000c41bb898,0x00000000c5280000)
 Metaspace       used 28373K, capacity 29910K, committed 29952K, reserved 1075200K
  class space    used 3779K, capacity 4076K, committed 4096K, reserved 1048576K
Event: 524.873 GC heap after
Heap after GC invocations=10 (full 1):
 PSYoungGen      total 95744K, used 10748K [0x00000000ebb80000, 0x00000000f4100000, 0x0000000100000000)
  eden space 84992K, 0% used [0x00000000ebb80000,0x00000000ebb80000,0x00000000f0e80000)
  from space 10752K, 99% used [0x00000000f0e80000,0x00000000f18ff168,0x00000000f1900000)
  to   space 13312K, 0% used [0x00000000f3400000,0x00000000f3400000,0x00000000f4100000)
 ParOldGen       total 33280K, used 19188K [0x00000000c3200000, 0x00000000c5280000, 0x00000000ebb80000)
  object space 33280K, 57% used [0x00000000c3200000,0x00000000c44bd138,0x00000000c5280000)
 Metaspace       used 28373K, capacity 29910K, committed 29952K, reserved 1075200K
  class space    used 3779K, capacity 4076K, committed 4096K, reserved 1048576K
}
Event: 524.964 GC heap before
{Heap before GC invocations=11 (full 1):
 PSYoungGen      total 95744K, used 95689K [0x00000000ebb80000, 0x00000000f4100000, 0x0000000100000000)
  eden space 84992K, 99% used [0x00000000ebb80000,0x00000000f0e73498,0x00000000f0e80000)
  from space 10752K, 99% used [0x00000000f0e80000,0x00000000f18ff168,0x00000000f1900000)
  to   space 13312K, 0% used [0x00000000f3400000,0x00000000f3400000,0x00000000f4100000)
 ParOldGen       total 33280K, used 19188K [0x00000000c3200000, 0x00000000c5280000, 0x00000000ebb80000)
  object space 33280K, 57% used [0x00000000c3200000,0x00000000c44bd138,0x00000000c5280000)
 Metaspace       used 28375K, capacity 29916K, committed 29952K, reserved 1075200K
  class space    used 3780K, capacity 4077K, committed 4096K, reserved 1048576K
Event: 524.974 GC heap after
Heap after GC invocations=11 (full 1):
 PSYoungGen      total 123904K, used 5076K [0x00000000ebb80000, 0x00000000f4780000, 0x0000000100000000)
  eden space 110592K, 0% used [0x00000000ebb80000,0x00000000ebb80000,0x00000000f2780000)
  from space 13312K, 38% used [0x00000000f3400000,0x00000000f38f52f8,0x00000000f4100000)
  to   space 12800K, 0% used [0x00000000f2780000,0x00000000f2780000,0x00000000f3400000)
 ParOldGen       total 33280K, used 24946K [0x00000000c3200000, 0x00000000c5280000, 0x00000000ebb80000)
  object space 33280K, 74% used [0x00000000c3200000,0x00000000c4a5c9c8,0x00000000c5280000)
 Metaspace       used 28375K, capacity 29916K, committed 29952K, reserved 1075200K
  class space    used 3780K, capacity 4077K, committed 4096K, reserved 1048576K
}
Event: 525.026 GC heap before
{Heap before GC invocations=12 (full 1):
 PSYoungGen      total 123904K, used 115578K [0x00000000ebb80000, 0x00000000f4780000, 0x0000000100000000)
  eden space 110592K, 99% used [0x00000000ebb80000,0x00000000f27697e8,0x00000000f2780000)
  from space 13312K, 38% used [0x00000000f3400000,0x00000000f38f52f8,0x00000000f4100000)
  to   space 12800K, 0% used [0x00000000f2780000,0x00000000f2780000,0x00000000f3400000)
 ParOldGen       total 33280K, used 24946K [0x00000000c3200000, 0x00000000c5280000, 0x00000000ebb80000)
  object space 33280K, 74% used [0x00000000c3200000,0x00000000c4a5c9c8,0x00000000c5280000)
 Metaspace       used 28375K, capacity 29916K, committed 29952K, reserved 1075200K
  class space    used 3780K, capacity 4077K, committed 4096K, reserved 1048576K
Event: 525.032 GC heap after
Heap after GC invocations=12 (full 1):
 PSYoungGen      total 123392K, used 239K [0x00000000ebb80000, 0x00000000f6e80000, 0x0000000100000000)
  eden space 110592K, 0% used [0x00000000ebb80000,0x00000000ebb80000,0x00000000f2780000)
  from space 12800K, 1% used [0x00000000f2780000,0x00000000f27bbc60,0x00000000f3400000)
  to   space 13312K, 0% used [0x00000000f6180000,0x00000000f6180000,0x00000000f6e80000)
 ParOldGen       total 33280K, used 29843K [0x00000000c3200000, 0x00000000c5280000, 0x00000000ebb80000)
  object space 33280K, 89% used [0x00000000c3200000,0x00000000c4f24e98,0x00000000c5280000)
 Metaspace       used 28375K, capacity 29916K, committed 29952K, reserved 1075200K
  class space    used 3780K, capacity 4077K, committed 4096K, reserved 1048576K
}
Event: 525.032 GC heap before
{Heap before GC invocations=13 (full 2):
 PSYoungGen      total 123392K, used 239K [0x00000000ebb80000, 0x00000000f6e80000, 0x0000000100000000)
  eden space 110592K, 0% used [0x00000000ebb80000,0x00000000ebb80000,0x00000000f2780000)
  from space 12800K, 1% used [0x00000000f2780000,0x00000000f27bbc60,0x00000000f3400000)
  to   space 13312K, 0% used [0x00000000f6180000,0x00000000f6180000,0x00000000f6e80000)
 ParOldGen       total 33280K, used 29843K [0x00000000c3200000, 0x00000000c5280000, 0x00000000ebb80000)
  object space 33280K, 89% used [0x00000000c3200000,0x00000000c4f24e98,0x00000000c5280000)
 Metaspace       used 28375K, capacity 29916K, committed 29952K, reserved 1075200K
  class space    used 3780K, capacity 4077K, committed 4096K, reserved 1048576K
Event: 525.223 GC heap after
Heap after GC invocations=13 (full 2):
 PSYoungGen      total 123392K, used 0K [0x00000000ebb80000, 0x00000000f6e80000, 0x0000000100000000)
  eden space 110592K, 0% used [0x00000000ebb80000,0x00000000ebb80000,0x00000000f2780000)
  from space 12800K, 0% used [0x00000000f2780000,0x00000000f2780000,0x00000000f3400000)
  to   space 13312K, 0% used [0x00000000f6180000,0x00000000f6180000,0x00000000f6e80000)
 ParOldGen       total 49664K, used 18534K [0x00000000c3200000, 0x00000000c6280000, 0x00000000ebb80000)
  object space 49664K, 37% used [0x00000000c3200000,0x00000000c4419a38,0x00000000c6280000)
 Metaspace       used 28316K, capacity 29784K, committed 29952K, reserved 1075200K
  class space    used 3764K, capacity 4049K, committed 4096K, reserved 1048576K
}

